Determining if the pthread_create exist failed with the following output:
Change Dir: /home/hahaha/workspace/ros_program/catkin_ws1/build/CMakeFiles/CMakeTmp

Run Build Command:"/usr/bin/make" "cmTC_af9fe/fast"
/usr/bin/make -f CMakeFiles/cmTC_af9fe.dir/build.make CMakeFiles/cmTC_af9fe.dir/build
make[1]: Entering directory '/home/hahaha/workspace/ros_program/catkin_ws1/build/CMakeFiles/CMakeTmp'
Building C object CMakeFiles/cmTC_af9fe.dir/CheckSymbolExists.c.o
/usr/bin/cc     -o CMakeFiles/cmTC_af9fe.dir/CheckSymbolExists.c.o   -c /home/hahaha/workspace/ros_program/catkin_ws1/build/CMakeFiles/CMakeTmp/CheckSymbolExists.c
Linking C executable cmTC_af9fe
/usr/bin/cmake -E cmake_link_script CMakeFiles/cmTC_af9fe.dir/link.txt --verbose=1
/usr/bin/cc       CMakeFiles/cmTC_af9fe.dir/CheckSymbolExists.c.o  -o cmTC_af9fe -rdynamic 
CMakeFiles/cmTC_af9fe.dir/CheckSymbolExists.c.o：在函数‘main’中：
CheckSymbolExists.c:(.text+0x16)：对‘pthread_create’未定义的引用
collect2: error: ld returned 1 exit status
CMakeFiles/cmTC_af9fe.dir/build.make:97: recipe for target 'cmTC_af9fe' failed
make[1]: *** [cmTC_af9fe] Error 1
make[1]: Leaving directory '/home/hahaha/workspace/ros_program/catkin_ws1/build/CMakeFiles/CMakeTmp'
Makefile:126: recipe for target 'cmTC_af9fe/fast' failed
make: *** [cmTC_af9fe/fast] Error 2

File /home/hahaha/workspace/ros_program/catkin_ws1/build/CMakeFiles/CMakeTmp/CheckSymbolExists.c:
/* */
#include <pthread.h>

int main(int argc, char** argv)
{
  (void)argv;
#ifndef pthread_create
  return ((int*)(&pthread_create))[argc];
#else
  (void)argc;
  return 0;
#endif
}

Determining if the function pthread_create exists in the pthreads failed with the following output:
Change Dir: /home/hahaha/workspace/ros_program/catkin_ws1/build/CMakeFiles/CMakeTmp

Run Build Command:"/usr/bin/make" "cmTC_6542e/fast"
/usr/bin/make -f CMakeFiles/cmTC_6542e.dir/build.make CMakeFiles/cmTC_6542e.dir/build
make[1]: Entering directory '/home/hahaha/workspace/ros_program/catkin_ws1/build/CMakeFiles/CMakeTmp'
Building C object CMakeFiles/cmTC_6542e.dir/CheckFunctionExists.c.o
/usr/bin/cc    -DCHECK_FUNCTION_EXISTS=pthread_create   -o CMakeFiles/cmTC_6542e.dir/CheckFunctionExists.c.o   -c /usr/share/cmake-3.5/Modules/CheckFunctionExists.c
Linking C executable cmTC_6542e
/usr/bin/cmake -E cmake_link_script CMakeFiles/cmTC_6542e.dir/link.txt --verbose=1
/usr/bin/cc   -DCHECK_FUNCTION_EXISTS=pthread_create    CMakeFiles/cmTC_6542e.dir/CheckFunctionExists.c.o  -o cmTC_6542e -rdynamic -lpthreads 
/usr/bin/ld: 找不到 -lpthreads
collect2: error: ld returned 1 exit status
CMakeFiles/cmTC_6542e.dir/build.make:97: recipe for target 'cmTC_6542e' failed
make[1]: *** [cmTC_6542e] Error 1
make[1]: Leaving directory '/home/hahaha/workspace/ros_program/catkin_ws1/build/CMakeFiles/CMakeTmp'
Makefile:126: recipe for target 'cmTC_6542e/fast' failed
make: *** [cmTC_6542e/fast] Error 2


